<?xml version="1.0" encoding="UTF-8"?>
<!-- Generated by org.testng.reporters.JUnitReportReporter -->
<testsuite hostname="DESKTOP-IK4411D" failures="0" tests="1" name="com.blaze.BlazeMain" time="9.238" errors="0" timestamp="07 Jan 2023 17:56:04 GMT" skipped="0">
  <testcase classname="com.blaze.BlazeMain" name="runBlaze" time="9.238"/>
</testsuite> <!-- com.blaze.BlazeMain -->
